0 info it worked if it ends with ok
1 verbose cli [ '/usr/local/bin/node', '/usr/local/bin/npm', 'publish' ]
2 info using npm@2.10.1
3 info using node@v0.12.4
4 verbose publish [ '.' ]
5 silly cache add args [ '.', null ]
6 verbose cache add spec .
7 silly cache add parsed spec { raw: '.',
7 silly cache add   scope: null,
7 silly cache add   name: null,
7 silly cache add   rawSpec: '.',
7 silly cache add   spec: '/home/dima/Projects/dimas-kmeans',
7 silly cache add   type: 'directory' }
8 verbose addLocalDirectory /home/dima/.npm/dimas-kmeans/1.0.0/package.tgz not in flight; packing
9 verbose tar pack [ '/home/dima/.npm/dimas-kmeans/1.0.0/package.tgz',
9 verbose tar pack   '/home/dima/Projects/dimas-kmeans' ]
10 verbose tarball /home/dima/.npm/dimas-kmeans/1.0.0/package.tgz
11 verbose folder /home/dima/Projects/dimas-kmeans
12 info prepublish dimas-kmeans@1.0.0
13 verbose addLocalTarball adding from inside cache /home/dima/.npm/dimas-kmeans/1.0.0/package.tgz
14 silly cache afterAdd dimas-kmeans@1.0.0
15 verbose afterAdd /home/dima/.npm/dimas-kmeans/1.0.0/package/package.json not in flight; writing
16 verbose afterAdd /home/dima/.npm/dimas-kmeans/1.0.0/package/package.json written
17 silly publish { name: 'dimas-kmeans',
17 silly publish   version: '1.0.0',
17 silly publish   description: 'K-Means implementation in JavaScript',
17 silly publish   main: 'dimas-kmeans.js',
17 silly publish   scripts: { test: 'echo "Error: no test specified" && exit 1' },
17 silly publish   repository:
17 silly publish    { type: 'git',
17 silly publish      url: 'git+https://github.com/shudima/dimas-kmeans.git' },
17 silly publish   keywords:
17 silly publish    [ 'kmeans',
17 silly publish      'K-Means',
17 silly publish      'javascript',
17 silly publish      'nodejs',
17 silly publish      'node',
17 silly publish      'clustering',
17 silly publish      'dimas' ],
17 silly publish   author: { name: 'Dima Shulga' },
17 silly publish   license: 'ISC',
17 silly publish   bugs: { url: 'https://github.com/shudima/dimas-kmeans/issues' },
17 silly publish   homepage: 'https://github.com/shudima/dimas-kmeans#readme',
17 silly publish   readme: '# dimas-kmeans\nSimple implementation of K-Means in Javascript\nUsage:\n-------------------------------------\ngetClusters(data, numberOfClusters)\n-\ndata : The data for clusterization, should be array of vectors (arrays), \nnumberOfClusters : Optional, the default is Root of the size of the data divided by two.\n\n\n\tvar kmeans = require(\'./dimas-kmeans\')\n\n\tvar data = [\n\t\t[1,2],\n\t\t[2,1],\n\t\t[10,11],\n\t\t[12,13]\n\t]\n\n\tvar clusters = kmeans.getClusters(data);\n\nThe result should be:\nCluster 1\n-----------------\n[ [ 10, 11 ], [ 12, 13 ] ]\n\nCluster 2\n-----------------\n[ [ 1, 2 ], [ 2, 1 ] ]\n',
17 silly publish   readmeFilename: 'README.md',
17 silly publish   gitHead: 'eb880fac09d94b811b47f8023143fac87f190369',
17 silly publish   _id: 'dimas-kmeans@1.0.0',
17 silly publish   _shasum: '41ad3aa2c89913fcfdde444ef177a0f69d862c35',
17 silly publish   _from: '.' }
18 verbose getPublishConfig undefined
19 silly mapToRegistry name dimas-kmeans
20 silly mapToRegistry using default registry
21 silly mapToRegistry registry https://registry.npmjs.org/
22 silly mapToRegistry uri https://registry.npmjs.org/dimas-kmeans
23 verbose publish registryBase https://registry.npmjs.org/
24 silly publish uploading /home/dima/.npm/dimas-kmeans/1.0.0/package.tgz
25 verbose request uri https://registry.npmjs.org/dimas-kmeans
26 verbose request sending authorization for write operation
27 info attempt registry request try #1 at 21:24:11
28 verbose request using bearer token for auth
29 verbose request id 75efbe9362a0e333
30 http request PUT https://registry.npmjs.org/dimas-kmeans
31 http 403 https://registry.npmjs.org/dimas-kmeans
32 verbose headers { 'content-type': 'application/json',
32 verbose headers   'cache-control': 'max-age=60',
32 verbose headers   'content-length': '95',
32 verbose headers   'accept-ranges': 'bytes',
32 verbose headers   date: 'Sat, 06 Jun 2015 18:24:13 GMT',
32 verbose headers   via: '1.1 varnish',
32 verbose headers   connection: 'keep-alive',
32 verbose headers   'x-served-by': 'cache-lcy1132-LCY',
32 verbose headers   'x-cache': 'MISS',
32 verbose headers   'x-cache-hits': '0',
32 verbose headers   'x-timer': 'S1433615052.069876,VS0,VE957' }
33 verbose request invalidating /home/dima/.npm/registry.npmjs.org/dimas-kmeans on PUT
34 error publish Failed PUT 403
35 verbose stack Error: "You cannot publish over the previously published version 1.0.0." : dimas-kmeans
35 verbose stack     at CachingRegistryClient.<anonymous> (/usr/local/lib/node_modules/npm/node_modules/npm-registry-client/lib/request.js:247:14)
35 verbose stack     at Request._callback (/usr/local/lib/node_modules/npm/node_modules/npm-registry-client/lib/request.js:170:14)
35 verbose stack     at Request.self.callback (/usr/local/lib/node_modules/npm/node_modules/request/request.js:368:22)
35 verbose stack     at Request.emit (events.js:110:17)
35 verbose stack     at Request.<anonymous> (/usr/local/lib/node_modules/npm/node_modules/request/request.js:1219:14)
35 verbose stack     at Request.emit (events.js:129:20)
35 verbose stack     at IncomingMessage.<anonymous> (/usr/local/lib/node_modules/npm/node_modules/request/request.js:1167:12)
35 verbose stack     at IncomingMessage.emit (events.js:129:20)
35 verbose stack     at _stream_readable.js:908:16
35 verbose stack     at process._tickCallback (node.js:355:11)
36 verbose statusCode 403
37 verbose pkgid dimas-kmeans
38 verbose cwd /home/dima/Projects/dimas-kmeans
39 error Linux 3.13.0-53-generic
40 error argv "/usr/local/bin/node" "/usr/local/bin/npm" "publish"
41 error node v0.12.4
42 error npm  v2.10.1
43 error code E403
44 error "You cannot publish over the previously published version 1.0.0." : dimas-kmeans
45 error If you need help, you may report this error at:
45 error     <https://github.com/npm/npm/issues>
46 verbose exit [ 1, true ]
